TN:
SF:src\controllers\aiController.ts
FN:4,(anonymous_0)
FNF:1
FNH:1
FNDA:3,(anonymous_0)
DA:2,4
DA:4,4
DA:5,3
DA:7,3
DA:8,1
DA:11,2
DA:12,2
DA:13,1
DA:15,1
LF:9
LH:9
BRDA:7,0,0,1
BRDA:7,0,1,2
BRF:2
BRH:2
end_of_record
TN:
SF:src\controllers\analyticsController.ts
FN:3,(anonymous_0)
FNF:1
FNH:0
FNDA:0,(anonymous_0)
DA:3,4
DA:4,0
DA:5,0
DA:24,0
DA:26,0
LF:5
LH:1
BRF:0
BRH:0
end_of_record
TN:
SF:src\controllers\candidateController.ts
FN:4,(anonymous_1)
FN:35,(anonymous_2)
FNF:2
FNH:2
FNDA:2,(anonymous_1)
FNDA:1,(anonymous_2)
DA:2,4
DA:4,4
DA:5,2
DA:6,2
DA:8,2
DA:9,2
DA:10,2
DA:11,2
DA:12,2
DA:13,0
DA:19,2
DA:30,1
DA:31,1
DA:35,1
DA:40,1
DA:48,1
DA:49,1
LF:17
LH:16
BRDA:6,0,0,2
BRDA:6,1,0,2
BRDA:9,2,0,0
BRDA:9,2,1,2
BRDA:10,3,0,0
BRDA:10,3,1,2
BRDA:11,4,0,0
BRDA:11,4,1,2
BRDA:12,5,0,0
BRDA:12,5,1,2
BRDA:31,6,0,0
BRDA:31,6,1,1
BRDA:31,7,0,1
BRDA:31,7,1,1
BRDA:31,7,2,1
BRF:15
BRH:10
end_of_record
TN:
SF:src\controllers\grievanceController.ts
FN:4,(anonymous_1)
FNF:1
FNH:0
FNDA:0,(anonymous_1)
DA:2,4
DA:4,4
DA:5,0
DA:6,0
DA:9,0
DA:11,0
LF:6
LH:2
BRF:0
BRH:0
end_of_record
TN:
SF:src\controllers\turnoutController.ts
FN:4,(anonymous_1)
FN:8,(anonymous_2)
FNF:2
FNH:2
FNDA:2,(anonymous_1)
FNDA:1,(anonymous_2)
DA:2,4
DA:4,4
DA:5,2
DA:6,2
DA:7,1
DA:8,1
DA:14,1
DA:16,1
LF:8
LH:8
BRDA:10,0,0,1
BRDA:10,0,1,0
BRDA:11,1,0,1
BRDA:11,1,1,0
BRF:4
BRH:2
end_of_record
TN:
SF:src\controllers\voterController.ts
FN:4,(anonymous_1)
FN:27,(anonymous_2)
FNF:2
FNH:2
FNDA:2,(anonymous_1)
FNDA:3,(anonymous_2)
DA:2,4
DA:4,4
DA:5,2
DA:7,2
DA:8,2
DA:17,1
DA:19,1
DA:20,1
DA:22,0
DA:27,4
DA:28,3
DA:30,3
DA:31,3
DA:35,2
DA:38,1
DA:40,1
DA:43,1
LF:17
LH:16
BRDA:19,0,0,1
BRDA:19,0,1,0
BRDA:35,1,0,1
BRDA:35,1,1,1
BRF:4
BRH:3
end_of_record
TN:
SF:src\routes\api.ts
FNF:0
FNH:0
DA:1,4
DA:2,4
DA:3,4
DA:4,4
DA:5,4
DA:6,4
DA:7,4
DA:9,4
DA:11,4
DA:12,4
DA:13,4
DA:14,4
DA:15,4
DA:16,4
DA:17,4
DA:19,4
LF:16
LH:16
BRF:0
BRH:0
end_of_record
TN:
SF:src\services\aiService.ts
FN:6,(anonymous_0)
FNF:1
FNH:1
FNDA:2,(anonymous_0)
DA:1,4
DA:3,4
DA:4,4
DA:6,4
DA:7,2
DA:8,2
DA:15,0
DA:16,0
DA:17,0
DA:19,2
DA:20,2
LF:11
LH:8
BRDA:3,0,0,4
BRDA:3,0,1,4
BRDA:6,1,0,2
BRF:3
BRH:3
end_of_record
TN:
SF:src\services\prisma.ts
FNF:0
FNH:0
DA:1,0
DA:3,0
DA:5,0
LF:3
LH:0
BRF:0
BRH:0
end_of_record
